{
  "RSpec": {
    "coverage": {
      "/Users/zainabbaruud/Projects/bank_tech_test-Ruby/spec/bank_spec.rb": {
        "lines": [
          1,
          null,
          1,
          null,
          4,
          null,
          1,
          1,
          1,
          null,
          null,
          1,
          1,
          null,
          null,
          null,
          1,
          1,
          1,
          null,
          null,
          1,
          1,
          1,
          1,
          null,
          null,
          null,
          1,
          1,
          1,
          null,
          null,
          1,
          1,
          1,
          null,
          null,
          null,
          1,
          1,
          1,
          1,
          1,
          1,
          null,
          null,
          null,
          null,
          null,
          null
        ]
      },
      "/Users/zainabbaruud/Projects/bank_tech_test-Ruby/lib/bank.rb": {
        "lines": [
          1,
          null,
          1,
          null,
          1,
          1,
          7,
          7,
          7,
          null,
          null,
          1,
          4,
          4,
          null,
          null,
          1,
          2,
          2,
          null,
          null,
          1,
          1,
          1,
          3,
          null,
          null,
          null
        ]
      },
      "/Users/zainabbaruud/Projects/bank_tech_test-Ruby/lib/statement.rb": {
        "lines": [
          1,
          null,
          1,
          2,
          null,
          null,
          null
        ]
      },
      "/Users/zainabbaruud/Projects/bank_tech_test-Ruby/spec/statement_spec.rb": {
        "lines": [
          1,
          null,
          1,
          2,
          1,
          2,
          null,
          null
        ]
      }
    },
    "timestamp": 1633001215
  }
}
